{"/Users/florianwoelki/Desktop/hotel-room-booking-chatbot/src/components/Button.tsx": {"path":"/Users/florianwoelki/Desktop/hotel-room-booking-chatbot/src/components/Button.tsx","all":false,"statementMap":{"0":{"start":{"line":1,"column":0},"end":{"line":1,"column":35}},"1":{"start":{"line":2,"column":0},"end":{"line":2,"column":48}},"2":{"start":{"line":3,"column":0},"end":{"line":3,"column":0}},"3":{"start":{"line":4,"column":0},"end":{"line":4,"column":17}},"4":{"start":{"line":5,"column":0},"end":{"line":5,"column":48}},"5":{"start":{"line":6,"column":0},"end":{"line":6,"column":21}},"6":{"start":{"line":7,"column":0},"end":{"line":7,"column":40}},"7":{"start":{"line":8,"column":0},"end":{"line":8,"column":1}},"8":{"start":{"line":9,"column":0},"end":{"line":9,"column":0}},"9":{"start":{"line":10,"column":0},"end":{"line":10,"column":41}},"10":{"start":{"line":11,"column":0},"end":{"line":11,"column":11}},"11":{"start":{"line":12,"column":0},"end":{"line":12,"column":12}},"12":{"start":{"line":13,"column":0},"end":{"line":13,"column":10}},"13":{"start":{"line":14,"column":0},"end":{"line":14,"column":10}},"14":{"start":{"line":15,"column":0},"end":{"line":15,"column":20}},"15":{"start":{"line":16,"column":0},"end":{"line":16,"column":10}},"16":{"start":{"line":17,"column":0},"end":{"line":17,"column":11}},"17":{"start":{"line":18,"column":0},"end":{"line":18,"column":19}},"18":{"start":{"line":19,"column":0},"end":{"line":19,"column":28}},"19":{"start":{"line":20,"column":0},"end":{"line":20,"column":105}},"20":{"start":{"line":21,"column":0},"end":{"line":21,"column":18}},"21":{"start":{"line":22,"column":0},"end":{"line":22,"column":8}},"22":{"start":{"line":23,"column":0},"end":{"line":23,"column":23}},"23":{"start":{"line":24,"column":0},"end":{"line":24,"column":16}},"24":{"start":{"line":25,"column":0},"end":{"line":25,"column":5}},"25":{"start":{"line":26,"column":0},"end":{"line":26,"column":16}},"26":{"start":{"line":27,"column":0},"end":{"line":27,"column":13}},"27":{"start":{"line":28,"column":0},"end":{"line":28,"column":4}},"28":{"start":{"line":29,"column":0},"end":{"line":29,"column":2}}},"s":{"0":1,"1":1,"2":1,"3":1,"4":1,"5":1,"6":1,"7":1,"8":1,"9":1,"10":2,"11":2,"12":2,"13":2,"14":2,"15":2,"16":2,"17":2,"18":2,"19":2,"20":2,"21":2,"22":2,"23":2,"24":2,"25":2,"26":2,"27":2,"28":2},"branchMap":{"0":{"type":"branch","line":10,"loc":{"start":{"line":10,"column":40},"end":{"line":29,"column":2}},"locations":[{"start":{"line":10,"column":40},"end":{"line":29,"column":2}}]},"1":{"type":"branch","line":29,"loc":{"start":{"line":29,"column":1},"end":{"line":29,"column":2}},"locations":[{"start":{"line":29,"column":1},"end":{"line":29,"column":2}}]}},"b":{"0":[2],"1":[2]},"fnMap":{"0":{"name":"Button","decl":{"start":{"line":10,"column":40},"end":{"line":29,"column":2}},"loc":{"start":{"line":10,"column":40},"end":{"line":29,"column":2}},"line":10},"1":{"name":"get","decl":{"start":{"line":29,"column":1},"end":{"line":29,"column":2}},"loc":{"start":{"line":29,"column":1},"end":{"line":29,"column":2}},"line":29}},"f":{"0":2,"1":2}}
,"/Users/florianwoelki/Desktop/hotel-room-booking-chatbot/src/util/classNames.tsx": {"path":"/Users/florianwoelki/Desktop/hotel-room-booking-chatbot/src/util/classNames.tsx","all":false,"statementMap":{"0":{"start":{"line":1,"column":0},"end":{"line":1,"column":27}},"1":{"start":{"line":2,"column":0},"end":{"line":2,"column":51}},"2":{"start":{"line":3,"column":0},"end":{"line":3,"column":47}}},"s":{"0":1,"1":1,"2":1},"branchMap":{"0":{"type":"branch","line":3,"loc":{"start":{"line":3,"column":13},"end":{"line":3,"column":21}},"locations":[{"start":{"line":3,"column":13},"end":{"line":3,"column":21}}]},"1":{"type":"branch","line":3,"loc":{"start":{"line":3,"column":13},"end":{"line":3,"column":21}},"locations":[{"start":{"line":3,"column":13},"end":{"line":3,"column":21}}]}},"b":{"0":[2],"1":[2]},"fnMap":{"0":{"name":"classNames","decl":{"start":{"line":3,"column":13},"end":{"line":3,"column":21}},"loc":{"start":{"line":3,"column":13},"end":{"line":3,"column":21}},"line":3},"1":{"name":"get","decl":{"start":{"line":3,"column":13},"end":{"line":3,"column":21}},"loc":{"start":{"line":3,"column":13},"end":{"line":3,"column":21}},"line":3}},"f":{"0":2,"1":2}}
}
